2023-02-01 14:32:31 [undefined] error: NotFoundError: Not Found
    at /Users/philip_jang/Desktop/ibricks/projects/중소벤처기업부/node/smes_search/app.js:18:8
    at Layer.handle [as handle_request] (/Users/philip_jang/Desktop/ibricks/projects/중소벤처기업부/node/smes_search/node_modules/express/lib/router/layer.js:95:5)
    at trim_prefix (/Users/philip_jang/Desktop/ibricks/projects/중소벤처기업부/node/smes_search/node_modules/express/lib/router/index.js:328:13)
    at /Users/philip_jang/Desktop/ibricks/projects/중소벤처기업부/node/smes_search/node_modules/express/lib/router/index.js:286:9
    at Function.process_params (/Users/philip_jang/Desktop/ibricks/projects/중소벤처기업부/node/smes_search/node_modules/express/lib/router/index.js:346:12)
    at next (/Users/philip_jang/Desktop/ibricks/projects/중소벤처기업부/node/smes_search/node_modules/express/lib/router/index.js:280:10)
    at cookieParser (/Users/philip_jang/Desktop/ibricks/projects/중소벤처기업부/node/smes_search/node_modules/cookie-parser/index.js:57:14)
    at Layer.handle [as handle_request] (/Users/philip_jang/Desktop/ibricks/projects/중소벤처기업부/node/smes_search/node_modules/express/lib/router/layer.js:95:5)
    at trim_prefix (/Users/philip_jang/Desktop/ibricks/projects/중소벤처기업부/node/smes_search/node_modules/express/lib/router/index.js:328:13)
    at /Users/philip_jang/Desktop/ibricks/projects/중소벤처기업부/node/smes_search/node_modules/express/lib/router/index.js:286:9
2023-02-01 14:32:47 [undefined] error: NotFoundError: Not Found
    at /Users/philip_jang/Desktop/ibricks/projects/중소벤처기업부/node/smes_search/app.js:18:8
    at Layer.handle [as handle_request] (/Users/philip_jang/Desktop/ibricks/projects/중소벤처기업부/node/smes_search/node_modules/express/lib/router/layer.js:95:5)
    at trim_prefix (/Users/philip_jang/Desktop/ibricks/projects/중소벤처기업부/node/smes_search/node_modules/express/lib/router/index.js:328:13)
    at /Users/philip_jang/Desktop/ibricks/projects/중소벤처기업부/node/smes_search/node_modules/express/lib/router/index.js:286:9
    at Function.process_params (/Users/philip_jang/Desktop/ibricks/projects/중소벤처기업부/node/smes_search/node_modules/express/lib/router/index.js:346:12)
    at next (/Users/philip_jang/Desktop/ibricks/projects/중소벤처기업부/node/smes_search/node_modules/express/lib/router/index.js:280:10)
    at cookieParser (/Users/philip_jang/Desktop/ibricks/projects/중소벤처기업부/node/smes_search/node_modules/cookie-parser/index.js:57:14)
    at Layer.handle [as handle_request] (/Users/philip_jang/Desktop/ibricks/projects/중소벤처기업부/node/smes_search/node_modules/express/lib/router/layer.js:95:5)
    at trim_prefix (/Users/philip_jang/Desktop/ibricks/projects/중소벤처기업부/node/smes_search/node_modules/express/lib/router/index.js:328:13)
    at /Users/philip_jang/Desktop/ibricks/projects/중소벤처기업부/node/smes_search/node_modules/express/lib/router/index.js:286:9
2023-02-01 14:32:48 [undefined] error: NotFoundError: Not Found
    at /Users/philip_jang/Desktop/ibricks/projects/중소벤처기업부/node/smes_search/app.js:18:8
    at Layer.handle [as handle_request] (/Users/philip_jang/Desktop/ibricks/projects/중소벤처기업부/node/smes_search/node_modules/express/lib/router/layer.js:95:5)
    at trim_prefix (/Users/philip_jang/Desktop/ibricks/projects/중소벤처기업부/node/smes_search/node_modules/express/lib/router/index.js:328:13)
    at /Users/philip_jang/Desktop/ibricks/projects/중소벤처기업부/node/smes_search/node_modules/express/lib/router/index.js:286:9
    at Function.process_params (/Users/philip_jang/Desktop/ibricks/projects/중소벤처기업부/node/smes_search/node_modules/express/lib/router/index.js:346:12)
    at next (/Users/philip_jang/Desktop/ibricks/projects/중소벤처기업부/node/smes_search/node_modules/express/lib/router/index.js:280:10)
    at cookieParser (/Users/philip_jang/Desktop/ibricks/projects/중소벤처기업부/node/smes_search/node_modules/cookie-parser/index.js:57:14)
    at Layer.handle [as handle_request] (/Users/philip_jang/Desktop/ibricks/projects/중소벤처기업부/node/smes_search/node_modules/express/lib/router/layer.js:95:5)
    at trim_prefix (/Users/philip_jang/Desktop/ibricks/projects/중소벤처기업부/node/smes_search/node_modules/express/lib/router/index.js:328:13)
    at /Users/philip_jang/Desktop/ibricks/projects/중소벤처기업부/node/smes_search/node_modules/express/lib/router/index.js:286:9
2023-02-01 14:49:01 [undefined] error: NotFoundError: Not Found
    at /Users/philip_jang/Desktop/ibricks/projects/중소벤처기업부/node/smes_search/app.js:18:8
    at Layer.handle [as handle_request] (/Users/philip_jang/Desktop/ibricks/projects/중소벤처기업부/node/smes_search/node_modules/express/lib/router/layer.js:95:5)
    at trim_prefix (/Users/philip_jang/Desktop/ibricks/projects/중소벤처기업부/node/smes_search/node_modules/express/lib/router/index.js:328:13)
    at /Users/philip_jang/Desktop/ibricks/projects/중소벤처기업부/node/smes_search/node_modules/express/lib/router/index.js:286:9
    at Function.process_params (/Users/philip_jang/Desktop/ibricks/projects/중소벤처기업부/node/smes_search/node_modules/express/lib/router/index.js:346:12)
    at next (/Users/philip_jang/Desktop/ibricks/projects/중소벤처기업부/node/smes_search/node_modules/express/lib/router/index.js:280:10)
    at cookieParser (/Users/philip_jang/Desktop/ibricks/projects/중소벤처기업부/node/smes_search/node_modules/cookie-parser/index.js:57:14)
    at Layer.handle [as handle_request] (/Users/philip_jang/Desktop/ibricks/projects/중소벤처기업부/node/smes_search/node_modules/express/lib/router/layer.js:95:5)
    at trim_prefix (/Users/philip_jang/Desktop/ibricks/projects/중소벤처기업부/node/smes_search/node_modules/express/lib/router/index.js:328:13)
    at /Users/philip_jang/Desktop/ibricks/projects/중소벤처기업부/node/smes_search/node_modules/express/lib/router/index.js:286:9
2023-02-01 14:49:12 [undefined] error: NotFoundError: Not Found
    at /Users/philip_jang/Desktop/ibricks/projects/중소벤처기업부/node/smes_search/app.js:18:8
    at Layer.handle [as handle_request] (/Users/philip_jang/Desktop/ibricks/projects/중소벤처기업부/node/smes_search/node_modules/express/lib/router/layer.js:95:5)
    at trim_prefix (/Users/philip_jang/Desktop/ibricks/projects/중소벤처기업부/node/smes_search/node_modules/express/lib/router/index.js:328:13)
    at /Users/philip_jang/Desktop/ibricks/projects/중소벤처기업부/node/smes_search/node_modules/express/lib/router/index.js:286:9
    at Function.process_params (/Users/philip_jang/Desktop/ibricks/projects/중소벤처기업부/node/smes_search/node_modules/express/lib/router/index.js:346:12)
    at next (/Users/philip_jang/Desktop/ibricks/projects/중소벤처기업부/node/smes_search/node_modules/express/lib/router/index.js:280:10)
    at /Users/philip_jang/Desktop/ibricks/projects/중소벤처기업부/node/smes_search/node_modules/express/lib/router/index.js:646:15
    at next (/Users/philip_jang/Desktop/ibricks/projects/중소벤처기업부/node/smes_search/node_modules/express/lib/router/index.js:265:14)
    at Function.handle (/Users/philip_jang/Desktop/ibricks/projects/중소벤처기업부/node/smes_search/node_modules/express/lib/router/index.js:175:3)
    at router (/Users/philip_jang/Desktop/ibricks/projects/중소벤처기업부/node/smes_search/node_modules/express/lib/router/index.js:47:12)
